2025-05-12 13:37:07,818 DEBUG    root            Loaded Command Group: ['gcloud', 'components']
2025-05-12 13:37:07,820 DEBUG    root            Loaded Command Group: ['gcloud', 'components', 'update']
2025-05-12 13:37:07,822 DEBUG    root            Running [gcloud.components.update] with arguments: [--quiet: "True", COMPONENT-IDS:8: "['gcloud', 'core', 'bq', 'gsutil', 'compute', 'preview', 'alpha', 'beta']"]
2025-05-12 13:37:07,823 INFO     ___FILE_ONLY___ Beginning update. This process may take several minutes.

2025-05-12 13:37:07,832 DEBUG    urllib3.connectionpool Starting new HTTPS connection (1): dl.google.com:443
2025-05-12 13:37:07,927 DEBUG    urllib3.connectionpool https://dl.google.com:443 "GET /dl/cloudsdk/channels/rapid/components-2.json HTTP/11" 200 233994
2025-05-12 13:37:07,941 WARNING  root            Component [compute] no longer exists.
2025-05-12 13:37:07,942 INFO     ___FILE_ONLY___ 

2025-05-12 13:37:07,943 INFO     ___FILE_ONLY___ 
Your current Google Cloud CLI version is: 521.0.0

2025-05-12 13:37:07,943 INFO     ___FILE_ONLY___ Installing components from version: 521.0.0

2025-05-12 13:37:07,943 INFO     ___FILE_ONLY___ 

2025-05-12 13:37:07,943 DEBUG    root            Chosen display Format:table[box,title="These components will be removed."](details.display_name:label=Name:align=left,version.version_string:label=Version:align=right,data.size.size(zero="",min=1048576):label=Size:align=right)
2025-05-12 13:37:07,943 DEBUG    root            Chosen display Format:table[box,title="These components will be updated."](details.display_name:label=Name:align=left,version.version_string:label=Version:align=right,data.size.size(zero="",min=1048576):label=Size:align=right)
2025-05-12 13:37:07,944 DEBUG    root            Chosen display Format:table[box,title="These components will be installed."](details.display_name:label=Name:align=left,version.version_string:label=Version:align=right,data.size.size(zero="",min=1048576):label=Size:align=right)
2025-05-12 13:37:07,959 INFO     ___FILE_ONLY___ ┌────────────────────────────────────────────────┐
2025-05-12 13:37:07,959 INFO     ___FILE_ONLY___ 

2025-05-12 13:37:07,959 INFO     ___FILE_ONLY___ │      These components will be installed.       │
2025-05-12 13:37:07,959 INFO     ___FILE_ONLY___ 

2025-05-12 13:37:07,959 INFO     ___FILE_ONLY___ ├─────────────────────────┬────────────┬─────────┤
2025-05-12 13:37:07,959 INFO     ___FILE_ONLY___ 

2025-05-12 13:37:07,959 INFO     ___FILE_ONLY___ │           Name          │  Version   │   Size  │
2025-05-12 13:37:07,959 INFO     ___FILE_ONLY___ 

2025-05-12 13:37:07,959 INFO     ___FILE_ONLY___ ├─────────────────────────┼────────────┼─────────┤
2025-05-12 13:37:07,959 INFO     ___FILE_ONLY___ 

2025-05-12 13:37:07,959 INFO     ___FILE_ONLY___ │ 
2025-05-12 13:37:07,959 INFO     ___FILE_ONLY___ gcloud Alpha Commands  
2025-05-12 13:37:07,959 INFO     ___FILE_ONLY___  
2025-05-12 13:37:07,959 INFO     ___FILE_ONLY___ │ 
2025-05-12 13:37:07,960 INFO     ___FILE_ONLY___ 2025.05.02
2025-05-12 13:37:07,960 INFO     ___FILE_ONLY___  
2025-05-12 13:37:07,960 INFO     ___FILE_ONLY___ │ 
2025-05-12 13:37:07,960 INFO     ___FILE_ONLY___ < 1 MiB
2025-05-12 13:37:07,960 INFO     ___FILE_ONLY___  
2025-05-12 13:37:07,960 INFO     ___FILE_ONLY___ │
2025-05-12 13:37:07,960 INFO     ___FILE_ONLY___ 

2025-05-12 13:37:07,960 INFO     ___FILE_ONLY___ │ 
2025-05-12 13:37:07,960 INFO     ___FILE_ONLY___ gcloud Beta Commands   
2025-05-12 13:37:07,960 INFO     ___FILE_ONLY___  
2025-05-12 13:37:07,960 INFO     ___FILE_ONLY___ │ 
2025-05-12 13:37:07,960 INFO     ___FILE_ONLY___ 2025.05.02
2025-05-12 13:37:07,961 INFO     ___FILE_ONLY___  
2025-05-12 13:37:07,961 INFO     ___FILE_ONLY___ │ 
2025-05-12 13:37:07,961 INFO     ___FILE_ONLY___ < 1 MiB
2025-05-12 13:37:07,961 INFO     ___FILE_ONLY___  
2025-05-12 13:37:07,961 INFO     ___FILE_ONLY___ │
2025-05-12 13:37:07,961 INFO     ___FILE_ONLY___ 

2025-05-12 13:37:07,961 INFO     ___FILE_ONLY___ │ 
2025-05-12 13:37:07,961 INFO     ___FILE_ONLY___ gcloud Preview Commands
2025-05-12 13:37:07,961 INFO     ___FILE_ONLY___  
2025-05-12 13:37:07,961 INFO     ___FILE_ONLY___ │ 
2025-05-12 13:37:07,961 INFO     ___FILE_ONLY___           
2025-05-12 13:37:07,961 INFO     ___FILE_ONLY___  
2025-05-12 13:37:07,962 INFO     ___FILE_ONLY___ │ 
2025-05-12 13:37:07,962 INFO     ___FILE_ONLY___ < 1 MiB
2025-05-12 13:37:07,962 INFO     ___FILE_ONLY___  
2025-05-12 13:37:07,962 INFO     ___FILE_ONLY___ │
2025-05-12 13:37:07,962 INFO     ___FILE_ONLY___ 

2025-05-12 13:37:07,962 INFO     ___FILE_ONLY___ └─────────────────────────┴────────────┴─────────┘
2025-05-12 13:37:07,962 INFO     ___FILE_ONLY___ 

2025-05-12 13:37:07,962 INFO     ___FILE_ONLY___ 

2025-05-12 13:37:07,965 DEBUG    urllib3.connectionpool Starting new HTTPS connection (1): dl.google.com:443
2025-05-12 13:37:08,014 DEBUG    urllib3.connectionpool https://dl.google.com:443 "GET /dl/cloudsdk/channels/rapid/RELEASE_NOTES HTTP/11" 200 1410993
2025-05-12 13:37:08,593 INFO     ___FILE_ONLY___ For the latest full release notes, please visit:
  https://cloud.google.com/sdk/release_notes


2025-05-12 13:37:08,594 INFO     ___FILE_ONLY___ Performing in place update...


2025-05-12 13:37:08,595 INFO     ___FILE_ONLY___ ╔════════════════════════════════════════════════════════════╗

2025-05-12 13:37:08,596 INFO     ___FILE_ONLY___ ╠═ Downloading: gcloud Alpha Commands                       ═╣

2025-05-12 13:37:08,596 INFO     ___FILE_ONLY___ ╚
2025-05-12 13:37:08,599 DEBUG    urllib3.connectionpool Starting new HTTPS connection (1): dl.google.com:443
2025-05-12 13:37:08,683 DEBUG    urllib3.connectionpool https://dl.google.com:443 "GET /dl/cloudsdk/channels/rapid/components/google-cloud-sdk-alpha-20250502143716.tar.gz HTTP/11" 200 800
2025-05-12 13:37:08,684 INFO     ___FILE_ONLY___ ════════════════════════════════════════════════════════════
2025-05-12 13:37:08,684 INFO     ___FILE_ONLY___ ╝

2025-05-12 13:37:08,686 INFO     ___FILE_ONLY___ ╔════════════════════════════════════════════════════════════╗

2025-05-12 13:37:08,686 INFO     ___FILE_ONLY___ ╠═ Downloading: gcloud Beta Commands                        ═╣

2025-05-12 13:37:08,686 INFO     ___FILE_ONLY___ ╚
2025-05-12 13:37:08,689 DEBUG    urllib3.connectionpool Starting new HTTPS connection (1): dl.google.com:443
2025-05-12 13:37:08,784 DEBUG    urllib3.connectionpool https://dl.google.com:443 "GET /dl/cloudsdk/channels/rapid/components/google-cloud-sdk-beta-20250502143716.tar.gz HTTP/11" 200 797
2025-05-12 13:37:08,785 INFO     ___FILE_ONLY___ ════════════════════════════════════════════════════════════
2025-05-12 13:37:08,785 INFO     ___FILE_ONLY___ ╝

2025-05-12 13:37:08,787 INFO     ___FILE_ONLY___ ╔════════════════════════════════════════════════════════════╗

2025-05-12 13:37:08,787 INFO     ___FILE_ONLY___ ╠═ Downloading: gcloud Preview Commands                     ═╣

2025-05-12 13:37:08,787 INFO     ___FILE_ONLY___ ╚
2025-05-12 13:37:08,790 DEBUG    urllib3.connectionpool Starting new HTTPS connection (1): dl.google.com:443
2025-05-12 13:37:08,880 DEBUG    urllib3.connectionpool https://dl.google.com:443 "GET /dl/cloudsdk/channels/rapid/components/google-cloud-sdk-preview-20241115154308.tar.gz HTTP/11" 200 823
2025-05-12 13:37:08,880 INFO     ___FILE_ONLY___ ════════════════════════════════════════════════════════════
2025-05-12 13:37:08,881 INFO     ___FILE_ONLY___ ╝

2025-05-12 13:37:08,883 INFO     ___FILE_ONLY___ ╔════════════════════════════════════════════════════════════╗

2025-05-12 13:37:08,883 INFO     ___FILE_ONLY___ ╠═ Installing: gcloud Alpha Commands                        ═╣

2025-05-12 13:37:08,883 INFO     ___FILE_ONLY___ ╚
2025-05-12 13:37:08,884 INFO     ___FILE_ONLY___ ════════════════════════════════════════════════════════════
2025-05-12 13:37:08,884 INFO     ___FILE_ONLY___ ╝

2025-05-12 13:37:08,889 INFO     ___FILE_ONLY___ ╔════════════════════════════════════════════════════════════╗

2025-05-12 13:37:08,889 INFO     ___FILE_ONLY___ ╠═ Installing: gcloud Beta Commands                         ═╣

2025-05-12 13:37:08,889 INFO     ___FILE_ONLY___ ╚
2025-05-12 13:37:08,890 INFO     ___FILE_ONLY___ ════════════════════════════════════════════════════════════
2025-05-12 13:37:08,890 INFO     ___FILE_ONLY___ ╝

2025-05-12 13:37:08,895 INFO     ___FILE_ONLY___ ╔════════════════════════════════════════════════════════════╗

2025-05-12 13:37:08,895 INFO     ___FILE_ONLY___ ╠═ Installing: gcloud Preview Commands                      ═╣

2025-05-12 13:37:08,895 INFO     ___FILE_ONLY___ ╚
2025-05-12 13:37:08,896 INFO     ___FILE_ONLY___ ════════════════════════════════════════════════════════════
2025-05-12 13:37:08,896 INFO     ___FILE_ONLY___ ╝

2025-05-12 13:37:08,901 DEBUG    root            Updating notification cache...
2025-05-12 13:37:08,901 INFO     ___FILE_ONLY___ 

2025-05-12 13:37:08,903 INFO     ___FILE_ONLY___ Performing post processing steps...
2025-05-12 13:37:08,903 DEBUG    root            Executing command: ['/tools/google-cloud-sdk/bin/gcloud', 'components', 'post-process']
2025-05-12 13:37:17,345 DEBUG    ___FILE_ONLY___ 
2025-05-12 13:37:17,345 DEBUG    ___FILE_ONLY___ 
2025-05-12 13:37:17,422 INFO     root            descriptor_list: [{'universeDomain': 'googleapis.com', 'universeShortName': '', 'authenticationDomain': 'auth.cloud.google.com', 'projectPrefix': '', 'cloudWebDomain': 'cloud.google.com', 'documentationDomain': 'cloud.google.com', 'version': '1.0.0', 'state': 'primary', 'artifactRegistryDomain': 'pkg.dev'}]
2025-05-12 13:37:17,422 INFO     ___FILE_ONLY___ 
Update done!


2025-05-12 13:37:17,425 DEBUG    root            Chosen display Format:none
2025-05-12 13:37:17,425 INFO     root            Display format: "none"
